2022-06-05 14:03:46,335 INFO client.py Запущен клиент с парамертами: адрес сервера: 127.0.0.1,порт: 7777,имя пользователя: client1
2022-06-05 14:03:46,870 DEBUG client.py Ключи загружены.
2022-06-05 14:03:46,935 INFO transport.py Попытка подключения №1
2022-06-05 14:03:46,947 DEBUG transport.py Соединение установлено.
2022-06-05 14:03:46,947 DEBUG transport.py Установлено соединение с сервером
2022-06-05 14:03:46,955 DEBUG transport.py Password hash ready: b'c117bca043efd1d0d45f3c5f6c9343c534653a841b33f258b929f297213fd52c9c908745afbd4208dfd35761a8a146bd45c116266e9753bc7797bf6bc998cef0'
2022-06-05 14:03:46,956 DEBUG transport.py Сформировано presence сообщение для пользователя client1
2022-06-05 14:03:46,956 DEBUG transport.py Presense message = {'action': 'presence', 'time': 1654427026.9564009, 'user': 'client1', 'pubkey': '-----BEGIN PUBLIC KEY-----\nMIIBIjANBgkqhkiG9w0BAQEFAAOCAQ8AMIIBCgKCAQEAq6PC2zTKWHeTQhn8SkFA\n0OJNQ0rPIGC6qlM3qqFpQ8F1j39MU+HBBAEuYjKqSFz2N3ue0AHNC2Vlmabd3p3H\n30ccd5gt0u7pIHafPps1//2hugxNUvYh3xcagjEbg2BWLsp7l2M1dz24O0vaifhK\n6cq6GYKrEzoDXscpiMJOADR+LjxUNWZsIhtBBLOcUWPZO+9waeUjb4Q3O/hobJgP\nLeFRpAVjqH/vqq5auoylGJKNyLYAefeO2F8iw6Z5uaczCa0gxUHA/IZtqO+kA9jZ\nq75kH0qesVrNJ3w60nT8RCtmjSGP18e6n1LJUkrDepVRcs2crP8gQwn445GwBh60\nNwIDAQAB\n-----END PUBLIC KEY-----'}
2022-06-05 14:03:47,459 DEBUG transport.py Server response = {'response': 511, 'bin': '6c217783ce62620f624bce9f5429f6d0c682d721beaaae15efb142b480273949393dfc21927d009a4a39e2acbed7c41186b3690b08e4d37d4c4ad13890c918a1'}.
2022-06-05 14:03:47,460 DEBUG transport.py Разбор сообщения от сервера: {'response': 511, 'bin': '6c217783ce62620f624bce9f5429f6d0c682d721beaaae15efb142b480273949393dfc21927d009a4a39e2acbed7c41186b3690b08e4d37d4c4ad13890c918a1'}
2022-06-05 14:03:47,460 DEBUG transport.py Принят неизвестный код подтверждения 511
2022-06-05 14:03:47,469 DEBUG transport.py Разбор сообщения от сервера: {'response': 200}
2022-06-05 14:03:47,472 INFO transport.py Соединение с сервером успешно установлено.
2022-06-05 14:03:47,472 DEBUG transport.py Запрос списка известных пользователей client1
2022-06-05 14:03:48,015 DEBUG transport.py Запрос контакт листа для пользователся Thread-6
2022-06-05 14:03:48,015 DEBUG transport.py Сформирован запрос {'action': 'get_contacts', 'time': 1654427028.0154867, 'user': 'client1'}
2022-06-05 14:03:48,524 DEBUG transport.py Получен ответ {'response': 202, 'data_list': []}
2022-06-05 14:03:48,524 DEBUG client.py Клиент подготовлен.
2022-06-05 14:03:48,557 DEBUG transport.py Запущен процесс - приёмник сообщений с сервера.
2022-06-05 14:03:50,135 INFO client.py Запущен клиент с парамертами: адрес сервера: 127.0.0.1,порт: 7777,имя пользователя: client2
2022-06-05 14:03:52,436 DEBUG client.py Ключи загружены.
2022-06-05 14:03:52,502 INFO transport.py Попытка подключения №1
2022-06-05 14:03:52,526 DEBUG transport.py Соединение установлено.
2022-06-05 14:03:52,526 DEBUG transport.py Установлено соединение с сервером
2022-06-05 14:03:52,535 DEBUG transport.py Password hash ready: b'b10a302b64dddbbe020bd5271df24157b5ca23fe6f792d05ed1c10e82895b630fa0da534a145e8986fd1efe1496b138a0c389dfafa7f36f5084760db4c733d02'
2022-06-05 14:03:52,536 DEBUG transport.py Сформировано presence сообщение для пользователя client2
2022-06-05 14:03:52,536 DEBUG transport.py Presense message = {'action': 'presence', 'time': 1654427032.536947, 'user': 'client2', 'pubkey': '-----BEGIN PUBLIC KEY-----\nMIIBIjANBgkqhkiG9w0BAQEFAAOCAQ8AMIIBCgKCAQEArbhnU8xjnmBlboLzsiZv\nITMEsHpOmBLC76m9RE9l1DLSaZFcAWapCn4q4Lyf9VeS2mN+hSjbiTXiLLLMq1Dr\nnflrTZ5/Bc2l4qfv+V5OkocIrX7TCWMwzCtBtk4fccIMIInxML/dY52Q7tNHZBFa\nma/DS6dC5LNhK48zVQx9dl/I5Bbcs5JNpxQjBSgfL394zV1hLL457TsLM7Y8fn/z\nkD2T5NY3/kEdyEpMnOHLSDBCkssuVVCfx7c+TA9END5y59r6YEJIKYUKrNxWx70Y\nN6xZjebtImTs/0YPyeruH2FQR99C5aJmgVvJzFxbrZTMjtSanok+9reya3HRy5Ba\nNQIDAQAB\n-----END PUBLIC KEY-----'}
2022-06-05 14:03:53,024 DEBUG transport.py Server response = {'response': 511, 'bin': 'cada7cec84ff63feba205b8b747b7ddf7d186c5c7a59d93f522e065a651f0e32b2803a504575912f51896e2c2319f9a8295a013082fae3f490847cfa2d273d23'}.
2022-06-05 14:03:53,024 DEBUG transport.py Разбор сообщения от сервера: {'response': 511, 'bin': 'cada7cec84ff63feba205b8b747b7ddf7d186c5c7a59d93f522e065a651f0e32b2803a504575912f51896e2c2319f9a8295a013082fae3f490847cfa2d273d23'}
2022-06-05 14:03:53,025 DEBUG transport.py Принят неизвестный код подтверждения 511
2022-06-05 14:03:53,036 DEBUG transport.py Разбор сообщения от сервера: {'response': 200}
2022-06-05 14:03:53,039 INFO transport.py Соединение с сервером успешно установлено.
2022-06-05 14:03:53,039 DEBUG transport.py Запрос списка известных пользователей client2
2022-06-05 14:03:53,576 DEBUG transport.py Запрос контакт листа для пользователся Thread-6
2022-06-05 14:03:53,576 DEBUG transport.py Сформирован запрос {'action': 'get_contacts', 'time': 1654427033.576929, 'user': 'client2'}
2022-06-05 14:03:54,076 DEBUG transport.py Получен ответ {'response': 202, 'data_list': []}
2022-06-05 14:03:54,076 DEBUG client.py Клиент подготовлен.
2022-06-05 14:03:54,131 DEBUG transport.py Запущен процесс - приёмник сообщений с сервера.
2022-06-05 14:03:56,414 DEBUG transport.py Создание контакта client1
2022-06-05 14:03:56,670 DEBUG transport.py Разбор сообщения от сервера: {'response': 200}
2022-06-05 14:03:56,687 INFO main_window.py Успешно добавлен контакт <PyQt5.QtGui.QStandardItem object at 0x0000019EEFC00CA0>
2022-06-05 14:03:59,534 DEBUG transport.py Запрос публичного ключа для client1
2022-06-05 14:03:59,747 DEBUG main_window.py Загружен открытый ключ для client1
2022-06-05 14:04:11,729 DEBUG transport.py Сформирован словарь сообщения: {'action': 'message', 'user': 'client2', 'to': 'client1', 'time': 1654427051.729855, 'message_text': 'VQxUjwlfEwCi9VyMm/GoU45AG793QNJ5FUweuXVtQ27MMiys0ObygBRL5c1X1XZYvZh2xHd/SIT8N+HjFzY6rradkjKROoUMFFXEerSbTxBxfBiPjWtPYz67rLdaqYQi9f3m2En1blRsjj9/QGOEgHgviKH88XFiRjLgmFWaok1bBvVw+M/v/bTZxg2Wv9eQ1F5x6CoEHm76XWbQmCM+cc6soebZRCQrmBEiLCdqz4vdVz5uKRUSl6VIu+E3dCacEw3bEYauTnBpCb3libFfNc38VA4qY7PIyxq3oxehLdAUGleYelzKeJM86vrpoNU9YfD/ATm3wguE+BdGpGJhrg=='}
2022-06-05 14:04:12,043 DEBUG transport.py Разбор сообщения от сервера: {'response': 200}
2022-06-05 14:04:12,046 INFO transport.py Отправлено сообщение для пользователя client1
2022-06-05 14:04:12,055 DEBUG main_window.py Отправлено сообщение для client1: gfgkdghj
2022-06-05 14:04:12,374 DEBUG transport.py Принято сообщение с сервера: {'action': 'message', 'user': 'client2', 'to': 'client1', 'time': 1654427051.729855, 'message_text': 'VQxUjwlfEwCi9VyMm/GoU45AG793QNJ5FUweuXVtQ27MMiys0ObygBRL5c1X1XZYvZh2xHd/SIT8N+HjFzY6rradkjKROoUMFFXEerSbTxBxfBiPjWtPYz67rLdaqYQi9f3m2En1blRsjj9/QGOEgHgviKH88XFiRjLgmFWaok1bBvVw+M/v/bTZxg2Wv9eQ1F5x6CoEHm76XWbQmCM+cc6soebZRCQrmBEiLCdqz4vdVz5uKRUSl6VIu+E3dCacEw3bEYauTnBpCb3libFfNc38VA4qY7PIyxq3oxehLdAUGleYelzKeJM86vrpoNU9YfD/ATm3wguE+BdGpGJhrg=='}
2022-06-05 14:04:12,375 DEBUG transport.py Разбор сообщения от сервера: {'action': 'message', 'user': 'client2', 'to': 'client1', 'time': 1654427051.729855, 'message_text': 'VQxUjwlfEwCi9VyMm/GoU45AG793QNJ5FUweuXVtQ27MMiys0ObygBRL5c1X1XZYvZh2xHd/SIT8N+HjFzY6rradkjKROoUMFFXEerSbTxBxfBiPjWtPYz67rLdaqYQi9f3m2En1blRsjj9/QGOEgHgviKH88XFiRjLgmFWaok1bBvVw+M/v/bTZxg2Wv9eQ1F5x6CoEHm76XWbQmCM+cc6soebZRCQrmBEiLCdqz4vdVz5uKRUSl6VIu+E3dCacEw3bEYauTnBpCb3libFfNc38VA4qY7PIyxq3oxehLdAUGleYelzKeJM86vrpoNU9YfD/ATm3wguE+BdGpGJhrg=='}
2022-06-05 14:04:12,375 DEBUG transport.py Получено сообщение от пользователя client2:VQxUjwlfEwCi9VyMm/GoU45AG793QNJ5FUweuXVtQ27MMiys0ObygBRL5c1X1XZYvZh2xHd/SIT8N+HjFzY6rradkjKROoUMFFXEerSbTxBxfBiPjWtPYz67rLdaqYQi9f3m2En1blRsjj9/QGOEgHgviKH88XFiRjLgmFWaok1bBvVw+M/v/bTZxg2Wv9eQ1F5x6CoEHm76XWbQmCM+cc6soebZRCQrmBEiLCdqz4vdVz5uKRUSl6VIu+E3dCacEw3bEYauTnBpCb3libFfNc38VA4qY7PIyxq3oxehLdAUGleYelzKeJM86vrpoNU9YfD/ATm3wguE+BdGpGJhrg==
2022-06-05 14:04:54,515 INFO client.py Запущен клиент с парамертами: адрес сервера: 127.0.0.1,порт: 7777,имя пользователя: client1
2022-06-05 14:04:54,638 DEBUG client.py Ключи загружены.
2022-06-05 14:04:54,684 INFO transport.py Попытка подключения №1
2022-06-05 14:04:54,700 DEBUG transport.py Соединение установлено.
2022-06-05 14:04:54,700 DEBUG transport.py Установлено соединение с сервером
2022-06-05 14:04:54,709 DEBUG transport.py Password hash ready: b'c117bca043efd1d0d45f3c5f6c9343c534653a841b33f258b929f297213fd52c9c908745afbd4208dfd35761a8a146bd45c116266e9753bc7797bf6bc998cef0'
2022-06-05 14:04:54,710 DEBUG transport.py Сформировано presence сообщение для пользователя client1
2022-06-05 14:04:54,710 DEBUG transport.py Presense message = {'action': 'presence', 'time': 1654427094.7102928, 'user': 'client1', 'pubkey': '-----BEGIN PUBLIC KEY-----\nMIIBIjANBgkqhkiG9w0BAQEFAAOCAQ8AMIIBCgKCAQEAq6PC2zTKWHeTQhn8SkFA\n0OJNQ0rPIGC6qlM3qqFpQ8F1j39MU+HBBAEuYjKqSFz2N3ue0AHNC2Vlmabd3p3H\n30ccd5gt0u7pIHafPps1//2hugxNUvYh3xcagjEbg2BWLsp7l2M1dz24O0vaifhK\n6cq6GYKrEzoDXscpiMJOADR+LjxUNWZsIhtBBLOcUWPZO+9waeUjb4Q3O/hobJgP\nLeFRpAVjqH/vqq5auoylGJKNyLYAefeO2F8iw6Z5uaczCa0gxUHA/IZtqO+kA9jZ\nq75kH0qesVrNJ3w60nT8RCtmjSGP18e6n1LJUkrDepVRcs2crP8gQwn445GwBh60\nNwIDAQAB\n-----END PUBLIC KEY-----'}
2022-06-05 14:04:55,208 DEBUG transport.py Server response = {'response': 511, 'bin': 'c4ff4c4cce4c1f86872d3263e93264d85b44019604cbef0931605ed102742c1d1eb7b95d8b31bdbdb4abe97cd1005af053d2fe271c23d29009277141a1f4abaf'}.
2022-06-05 14:04:55,208 DEBUG transport.py Разбор сообщения от сервера: {'response': 511, 'bin': 'c4ff4c4cce4c1f86872d3263e93264d85b44019604cbef0931605ed102742c1d1eb7b95d8b31bdbdb4abe97cd1005af053d2fe271c23d29009277141a1f4abaf'}
2022-06-05 14:04:55,208 DEBUG transport.py Принят неизвестный код подтверждения 511
2022-06-05 14:04:55,215 DEBUG transport.py Разбор сообщения от сервера: {'response': 200}
2022-06-05 14:04:55,217 INFO transport.py Соединение с сервером успешно установлено.
2022-06-05 14:04:55,218 DEBUG transport.py Запрос списка известных пользователей client1
2022-06-05 14:04:55,758 DEBUG transport.py Запрос контакт листа для пользователся Thread-6
2022-06-05 14:04:55,758 DEBUG transport.py Сформирован запрос {'action': 'get_contacts', 'time': 1654427095.7581077, 'user': 'client1'}
2022-06-05 14:04:56,248 DEBUG transport.py Получен ответ {'response': 202, 'data_list': []}
2022-06-05 14:04:56,248 DEBUG client.py Клиент подготовлен.
2022-06-05 14:04:56,277 DEBUG transport.py Запущен процесс - приёмник сообщений с сервера.
2022-06-05 14:04:56,631 INFO client.py Запущен клиент с парамертами: адрес сервера: 127.0.0.1,порт: 7777,имя пользователя: client2
2022-06-05 14:04:56,757 DEBUG client.py Ключи загружены.
2022-06-05 14:04:56,803 INFO transport.py Попытка подключения №1
2022-06-05 14:04:56,803 DEBUG transport.py Соединение установлено.
2022-06-05 14:04:56,804 DEBUG transport.py Установлено соединение с сервером
2022-06-05 14:04:56,812 DEBUG transport.py Password hash ready: b'b10a302b64dddbbe020bd5271df24157b5ca23fe6f792d05ed1c10e82895b630fa0da534a145e8986fd1efe1496b138a0c389dfafa7f36f5084760db4c733d02'
2022-06-05 14:04:56,813 DEBUG transport.py Сформировано presence сообщение для пользователя client2
2022-06-05 14:04:56,813 DEBUG transport.py Presense message = {'action': 'presence', 'time': 1654427096.8139613, 'user': 'client2', 'pubkey': '-----BEGIN PUBLIC KEY-----\nMIIBIjANBgkqhkiG9w0BAQEFAAOCAQ8AMIIBCgKCAQEArbhnU8xjnmBlboLzsiZv\nITMEsHpOmBLC76m9RE9l1DLSaZFcAWapCn4q4Lyf9VeS2mN+hSjbiTXiLLLMq1Dr\nnflrTZ5/Bc2l4qfv+V5OkocIrX7TCWMwzCtBtk4fccIMIInxML/dY52Q7tNHZBFa\nma/DS6dC5LNhK48zVQx9dl/I5Bbcs5JNpxQjBSgfL394zV1hLL457TsLM7Y8fn/z\nkD2T5NY3/kEdyEpMnOHLSDBCkssuVVCfx7c+TA9END5y59r6YEJIKYUKrNxWx70Y\nN6xZjebtImTs/0YPyeruH2FQR99C5aJmgVvJzFxbrZTMjtSanok+9reya3HRy5Ba\nNQIDAQAB\n-----END PUBLIC KEY-----'}
2022-06-05 14:04:57,327 DEBUG transport.py Server response = {'response': 511, 'bin': '3fffcad1bc81c6ee8e8371e8bf9ce2f88b3845c391d69e79bf0b1d034ca88ce5ec30db0f61be8cc3647d079f07b48d9893516d29ddf739b78d751d517284a39c'}.
2022-06-05 14:04:57,327 DEBUG transport.py Разбор сообщения от сервера: {'response': 511, 'bin': '3fffcad1bc81c6ee8e8371e8bf9ce2f88b3845c391d69e79bf0b1d034ca88ce5ec30db0f61be8cc3647d079f07b48d9893516d29ddf739b78d751d517284a39c'}
2022-06-05 14:04:57,327 DEBUG transport.py Принят неизвестный код подтверждения 511
2022-06-05 14:04:57,337 DEBUG transport.py Разбор сообщения от сервера: {'response': 200}
2022-06-05 14:04:57,340 INFO transport.py Соединение с сервером успешно установлено.
2022-06-05 14:04:57,340 DEBUG transport.py Запрос списка известных пользователей client2
2022-06-05 14:04:57,886 DEBUG transport.py Запрос контакт листа для пользователся Thread-6
2022-06-05 14:04:57,886 DEBUG transport.py Сформирован запрос {'action': 'get_contacts', 'time': 1654427097.8860054, 'user': 'client2'}
2022-06-05 14:04:58,390 DEBUG transport.py Получен ответ {'response': 202, 'data_list': ['client1']}
2022-06-05 14:04:58,412 DEBUG client.py Клиент подготовлен.
2022-06-05 14:04:58,441 DEBUG transport.py Запущен процесс - приёмник сообщений с сервера.
2022-06-05 14:05:01,629 DEBUG transport.py Запрос публичного ключа для client1
2022-06-05 14:05:01,969 DEBUG main_window.py Загружен открытый ключ для client1
2022-06-05 14:05:09,879 DEBUG transport.py Сформирован словарь сообщения: {'action': 'message', 'user': 'client2', 'to': 'client1', 'time': 1654427109.8797626, 'message_text': 'f7hKhSQ2cGOK4N/cU6mHBduugDnppTh76B3lYZb1J+VcPYsXT9/uT6bv/fxg7lWSRBzMkbPWzWwdyU+UUj/GPGffdeyeWhCKtZqLQFe83X1WVcuM+WaOGe4C3D7Vh/QTs20mx49y/zqapwlM3X913FpVLEfDasYxb0Zs67DXEMb28M5xmwfUk8HHbDUO9tFZNI5N59vJnsWah/JZw4ETP6ZCnfWQfkTRQDjUZV7T59kGEWwaHzgZeCATyjTTP2ZaDcn4Scpi3DzIKv5Wnbw1gRiO6Fb9PHQwaSRoPsMlI/YkQBxcWxWXfIE4tV1TOuYODgTLps+G/5HZfUImIwybOA=='}
2022-06-05 14:05:10,136 DEBUG transport.py Разбор сообщения от сервера: {'response': 200}
2022-06-05 14:05:10,139 INFO transport.py Отправлено сообщение для пользователя client1
2022-06-05 14:05:10,152 DEBUG main_window.py Отправлено сообщение для client1: sdgsdg
2022-06-05 14:05:10,962 DEBUG transport.py Принято сообщение с сервера: {'action': 'message', 'user': 'client2', 'to': 'client1', 'time': 1654427109.8797626, 'message_text': 'f7hKhSQ2cGOK4N/cU6mHBduugDnppTh76B3lYZb1J+VcPYsXT9/uT6bv/fxg7lWSRBzMkbPWzWwdyU+UUj/GPGffdeyeWhCKtZqLQFe83X1WVcuM+WaOGe4C3D7Vh/QTs20mx49y/zqapwlM3X913FpVLEfDasYxb0Zs67DXEMb28M5xmwfUk8HHbDUO9tFZNI5N59vJnsWah/JZw4ETP6ZCnfWQfkTRQDjUZV7T59kGEWwaHzgZeCATyjTTP2ZaDcn4Scpi3DzIKv5Wnbw1gRiO6Fb9PHQwaSRoPsMlI/YkQBxcWxWXfIE4tV1TOuYODgTLps+G/5HZfUImIwybOA=='}
2022-06-05 14:05:10,963 DEBUG transport.py Разбор сообщения от сервера: {'action': 'message', 'user': 'client2', 'to': 'client1', 'time': 1654427109.8797626, 'message_text': 'f7hKhSQ2cGOK4N/cU6mHBduugDnppTh76B3lYZb1J+VcPYsXT9/uT6bv/fxg7lWSRBzMkbPWzWwdyU+UUj/GPGffdeyeWhCKtZqLQFe83X1WVcuM+WaOGe4C3D7Vh/QTs20mx49y/zqapwlM3X913FpVLEfDasYxb0Zs67DXEMb28M5xmwfUk8HHbDUO9tFZNI5N59vJnsWah/JZw4ETP6ZCnfWQfkTRQDjUZV7T59kGEWwaHzgZeCATyjTTP2ZaDcn4Scpi3DzIKv5Wnbw1gRiO6Fb9PHQwaSRoPsMlI/YkQBxcWxWXfIE4tV1TOuYODgTLps+G/5HZfUImIwybOA=='}
2022-06-05 14:05:10,963 DEBUG transport.py Получено сообщение от пользователя client2:f7hKhSQ2cGOK4N/cU6mHBduugDnppTh76B3lYZb1J+VcPYsXT9/uT6bv/fxg7lWSRBzMkbPWzWwdyU+UUj/GPGffdeyeWhCKtZqLQFe83X1WVcuM+WaOGe4C3D7Vh/QTs20mx49y/zqapwlM3X913FpVLEfDasYxb0Zs67DXEMb28M5xmwfUk8HHbDUO9tFZNI5N59vJnsWah/JZw4ETP6ZCnfWQfkTRQDjUZV7T59kGEWwaHzgZeCATyjTTP2ZaDcn4Scpi3DzIKv5Wnbw1gRiO6Fb9PHQwaSRoPsMlI/YkQBxcWxWXfIE4tV1TOuYODgTLps+G/5HZfUImIwybOA==
2022-06-05 14:05:12,371 DEBUG transport.py Создание контакта client2
2022-06-05 14:05:12,696 DEBUG transport.py Разбор сообщения от сервера: {'response': 200}
2022-06-05 14:05:12,711 INFO main_window.py Успешно добавлен контакт <PyQt5.QtGui.QStandardItem object at 0x0000018AACD96790>
2022-06-05 14:05:13,820 DEBUG transport.py Запрос публичного ключа для client2
2022-06-05 14:05:14,236 DEBUG main_window.py Загружен открытый ключ для client2
2022-06-05 14:05:17,584 DEBUG transport.py Сформирован словарь сообщения: {'action': 'message', 'user': 'client1', 'to': 'client2', 'time': 1654427117.5849295, 'message_text': 'eP4C29ta6gTyJo4ATZCkhSsGeEsQs/vkTTghr4fYCA7i0jAbMVcgoiBbUSmfeAsG3q3dGaHwTckUGrDhlcJRrHrQtWKhEbKezORJIJ/Py1i0ly6PBC0CazW2ya1TpLSx6dpayEHEe7Sbi91adjS0blgm9X2zxQdpleeK5M1J+k56ioXVCsdSdqSIxa+1zQWcIs+TpieJnTG0pLsDCZG1I6znEsu2htyxDu14VsKtTfQ3R8R4D5uyoTdxlO8rJe2uLtY6+S+ECVnSGJVT2xxB2RKfUe9/cC3FNQX9wPd4ZqdGpqPOmnOCOASvOsTahx32Sj1dR4SlbUiWkgvJgO58xw=='}
2022-06-05 14:05:17,821 DEBUG transport.py Принято сообщение с сервера: {'action': 'message', 'user': 'client1', 'to': 'client2', 'time': 1654427117.5849295, 'message_text': 'eP4C29ta6gTyJo4ATZCkhSsGeEsQs/vkTTghr4fYCA7i0jAbMVcgoiBbUSmfeAsG3q3dGaHwTckUGrDhlcJRrHrQtWKhEbKezORJIJ/Py1i0ly6PBC0CazW2ya1TpLSx6dpayEHEe7Sbi91adjS0blgm9X2zxQdpleeK5M1J+k56ioXVCsdSdqSIxa+1zQWcIs+TpieJnTG0pLsDCZG1I6znEsu2htyxDu14VsKtTfQ3R8R4D5uyoTdxlO8rJe2uLtY6+S+ECVnSGJVT2xxB2RKfUe9/cC3FNQX9wPd4ZqdGpqPOmnOCOASvOsTahx32Sj1dR4SlbUiWkgvJgO58xw=='}
2022-06-05 14:05:17,821 DEBUG transport.py Разбор сообщения от сервера: {'action': 'message', 'user': 'client1', 'to': 'client2', 'time': 1654427117.5849295, 'message_text': 'eP4C29ta6gTyJo4ATZCkhSsGeEsQs/vkTTghr4fYCA7i0jAbMVcgoiBbUSmfeAsG3q3dGaHwTckUGrDhlcJRrHrQtWKhEbKezORJIJ/Py1i0ly6PBC0CazW2ya1TpLSx6dpayEHEe7Sbi91adjS0blgm9X2zxQdpleeK5M1J+k56ioXVCsdSdqSIxa+1zQWcIs+TpieJnTG0pLsDCZG1I6znEsu2htyxDu14VsKtTfQ3R8R4D5uyoTdxlO8rJe2uLtY6+S+ECVnSGJVT2xxB2RKfUe9/cC3FNQX9wPd4ZqdGpqPOmnOCOASvOsTahx32Sj1dR4SlbUiWkgvJgO58xw=='}
2022-06-05 14:05:17,822 DEBUG transport.py Получено сообщение от пользователя client1:eP4C29ta6gTyJo4ATZCkhSsGeEsQs/vkTTghr4fYCA7i0jAbMVcgoiBbUSmfeAsG3q3dGaHwTckUGrDhlcJRrHrQtWKhEbKezORJIJ/Py1i0ly6PBC0CazW2ya1TpLSx6dpayEHEe7Sbi91adjS0blgm9X2zxQdpleeK5M1J+k56ioXVCsdSdqSIxa+1zQWcIs+TpieJnTG0pLsDCZG1I6znEsu2htyxDu14VsKtTfQ3R8R4D5uyoTdxlO8rJe2uLtY6+S+ECVnSGJVT2xxB2RKfUe9/cC3FNQX9wPd4ZqdGpqPOmnOCOASvOsTahx32Sj1dR4SlbUiWkgvJgO58xw==
2022-06-05 14:05:17,823 DEBUG transport.py Разбор сообщения от сервера: {'response': 200}
2022-06-05 14:05:17,827 INFO transport.py Отправлено сообщение для пользователя client2
2022-06-05 14:05:17,836 DEBUG main_window.py Отправлено сообщение для client2: sdgsd
2022-06-05 14:05:22,066 DEBUG transport.py Сформирован словарь сообщения: {'action': 'message', 'user': 'client2', 'to': 'client1', 'time': 1654427122.0669525, 'message_text': 'l7ImJ+RvYNb27DlU7ETuhENlCc2wEJP6RyoY2DhYLnBqhDS3hdFhLttXdgEvbVSTmHGYE6hpBJ3WQ2Rh1RNhDQKl3f/8p/2xQ/h93xJp9G01PV0q4ELOk+xHPjYHHcKH95HeMbWHd58I5cgiXx1oJtImUvIsLWTQSIhEpgr5rmL9zsRnPLc0AmK28EJuPzKSjFgT92vsmXgPR7xM1wH34eqTcBUBSR46VHWMGWsMyq8SzOSPFqR/dpEXr5RyDXDYnO5iFOVQ9Ehh1k7/w9YNaORKSvUTzGnVGU646RmZc5/Iusqc72NC9yRHNuAvu3bu0ylbnMJ5qi3WzR5hruqKVA=='}
2022-06-05 14:05:22,425 DEBUG transport.py Разбор сообщения от сервера: {'response': 200}
2022-06-05 14:05:22,428 INFO transport.py Отправлено сообщение для пользователя client1
2022-06-05 14:05:22,436 DEBUG main_window.py Отправлено сообщение для client1: dgsd
2022-06-05 14:05:22,566 DEBUG transport.py Принято сообщение с сервера: {'action': 'message', 'user': 'client2', 'to': 'client1', 'time': 1654427122.0669525, 'message_text': 'l7ImJ+RvYNb27DlU7ETuhENlCc2wEJP6RyoY2DhYLnBqhDS3hdFhLttXdgEvbVSTmHGYE6hpBJ3WQ2Rh1RNhDQKl3f/8p/2xQ/h93xJp9G01PV0q4ELOk+xHPjYHHcKH95HeMbWHd58I5cgiXx1oJtImUvIsLWTQSIhEpgr5rmL9zsRnPLc0AmK28EJuPzKSjFgT92vsmXgPR7xM1wH34eqTcBUBSR46VHWMGWsMyq8SzOSPFqR/dpEXr5RyDXDYnO5iFOVQ9Ehh1k7/w9YNaORKSvUTzGnVGU646RmZc5/Iusqc72NC9yRHNuAvu3bu0ylbnMJ5qi3WzR5hruqKVA=='}
2022-06-05 14:05:22,567 DEBUG transport.py Разбор сообщения от сервера: {'action': 'message', 'user': 'client2', 'to': 'client1', 'time': 1654427122.0669525, 'message_text': 'l7ImJ+RvYNb27DlU7ETuhENlCc2wEJP6RyoY2DhYLnBqhDS3hdFhLttXdgEvbVSTmHGYE6hpBJ3WQ2Rh1RNhDQKl3f/8p/2xQ/h93xJp9G01PV0q4ELOk+xHPjYHHcKH95HeMbWHd58I5cgiXx1oJtImUvIsLWTQSIhEpgr5rmL9zsRnPLc0AmK28EJuPzKSjFgT92vsmXgPR7xM1wH34eqTcBUBSR46VHWMGWsMyq8SzOSPFqR/dpEXr5RyDXDYnO5iFOVQ9Ehh1k7/w9YNaORKSvUTzGnVGU646RmZc5/Iusqc72NC9yRHNuAvu3bu0ylbnMJ5qi3WzR5hruqKVA=='}
2022-06-05 14:05:22,567 DEBUG transport.py Получено сообщение от пользователя client2:l7ImJ+RvYNb27DlU7ETuhENlCc2wEJP6RyoY2DhYLnBqhDS3hdFhLttXdgEvbVSTmHGYE6hpBJ3WQ2Rh1RNhDQKl3f/8p/2xQ/h93xJp9G01PV0q4ELOk+xHPjYHHcKH95HeMbWHd58I5cgiXx1oJtImUvIsLWTQSIhEpgr5rmL9zsRnPLc0AmK28EJuPzKSjFgT92vsmXgPR7xM1wH34eqTcBUBSR46VHWMGWsMyq8SzOSPFqR/dpEXr5RyDXDYnO5iFOVQ9Ehh1k7/w9YNaORKSvUTzGnVGU646RmZc5/Iusqc72NC9yRHNuAvu3bu0ylbnMJ5qi3WzR5hruqKVA==
2022-06-05 14:05:25,975 DEBUG transport.py Удаление контакта client1
2022-06-05 14:05:26,502 DEBUG transport.py Разбор сообщения от сервера: {'response': 200}
2022-06-05 14:05:26,508 INFO main_window.py Успешно удалён контакт client1
2022-06-05 14:05:30,282 DEBUG transport.py Удаление контакта client2
2022-06-05 14:05:30,628 DEBUG transport.py Разбор сообщения от сервера: {'response': 200}
2022-06-05 14:05:30,634 INFO main_window.py Успешно удалён контакт client2
2022-06-05 14:05:33,145 DEBUG transport.py Транспорт завершает работу.
2022-06-05 14:05:34,051 DEBUG transport.py Транспорт завершает работу.
2022-06-05 14:05:34,235 DEBUG transport.py Потеряно соединение с сервером.
